-------------------------------------------------------------------------------
Test set: myTest.test.TestReqres
-------------------------------------------------------------------------------
Tests run: 3, Failures: 2, Errors: 0, Skipped: 0, Time elapsed: 2.566 s <<< FAILURE! - in myTest.test.TestReqres
myTest.test.TestReqres.checkSuccessRegistration  Time elapsed: 0.302 s  <<< FAILURE!
java.lang.AssertionError: 
1 expectation failed.
Expected status code <200> but was <401>.

	at myTest.test.TestReqres.checkSuccessRegistration(TestReqres.java:87)

myTest.test.TestReqres.checkResource  Time elapsed: 0.338 s  <<< FAILURE!
java.lang.AssertionError: 
1 expectation failed.
Expected status code <200> but was <401>.

	at myTest.test.TestReqres.checkResource(TestReqres.java:54)

