<?xml version="1.0" encoding="UTF-8"?>
<testsuite xmlns:xsi="http://www.w3.org/2001/XMLSchema-instance" xsi:noNamespaceSchemaLocation="https://maven.apache.org/surefire/maven-surefire-plugin/xsd/surefire-test-report-3.0.xsd" version="3.0" name="myTest.test.TestReqres" time="2.566" tests="3" errors="0" skipped="0" failures="2">
  <properties>
[...]
</properties>
  <testcase name="checkUsers" classname="myTest.test.TestReqres" time="1.909">
    <system-out><![CDATA[HTTP/1.1 200 OK
Date: Thu, 19 Jun 2025 17:06:20 GMT
Content-Type: application/json; charset=utf-8
Transfer-Encoding: chunked
Connection: keep-alive
Content-Encoding: gzip
Report-To: {"group":"heroku-nel","max_age":3600,"endpoints":[{"url":"https://nel.heroku.com/reports?ts=1750345820&sid=c4c9725f-1ab0-44d8-820f-430df2718e11&s=jKPZ13yBC4rT6TIbgEZGXUoqVF3bGmip%2BXoN9As8jeM%3D"}]}
Reporting-Endpoints: heroku-nel=https://nel.heroku.com/reports?ts=1750345820&sid=c4c9725f-1ab0-44d8-820f-430df2718e11&s=jKPZ13yBC4rT6TIbgEZGXUoqVF3bGmip%2BXoN9As8jeM%3D
Nel: {"report_to":"heroku-nel","max_age":3600,"success_fraction":0.005,"failure_fraction":0.05,"response_headers":["Via"]}
X-Powered-By: Express
Access-Control-Allow-Origin: *
Ratelimit-Policy: 100;w=60
Ratelimit-Limit: 100
Ratelimit-Remaining: 98
Ratelimit-Reset: 60
Etag: W/"440-ZjsmMKR8P3usr2uJZbOCGCxC3Uw"
Via: 1.1 vegur
Cache-Control: max-age=14400
Cf-Cache-Status: HIT
Age: 6960
Vary: Accept-Encoding
Server: cloudflare
Cf-Ray: 95249dcb6ad8805b-ARN
server-timing: cfL4;desc="?proto=TCP&rtt=39458&min_rtt=39164&rtt_var=14896&sent=6&recv=6&lost=0&retrans=0&sent_bytes=3107&recv_bytes=783&delivery_rate=111837&cwnd=253&unsent_bytes=0&cid=7846250a63b11c9e&ts=119&x=0"

{
    "page": 2,
    "per_page": 6,
    "total": 12,
    "total_pages": 2,
    "data": [
        {
            "id": 7,
            "email": "michael.lawson@reqres.in",
            "first_name": "Michael",
            "last_name": "Lawson",
            "avatar": "https://reqres.in/img/faces/7-image.jpg"
        },
        {
            "id": 8,
            "email": "lindsay.ferguson@reqres.in",
            "first_name": "Lindsay",
            "last_name": "Ferguson",
            "avatar": "https://reqres.in/img/faces/8-image.jpg"
        },
        {
            "id": 9,
            "email": "tobias.funke@reqres.in",
            "first_name": "Tobias",
            "last_name": "Funke",
            "avatar": "https://reqres.in/img/faces/9-image.jpg"
        },
        {
            "id": 10,
            "email": "byron.fields@reqres.in",
            "first_name": "Byron",
            "last_name": "Fields",
            "avatar": "https://reqres.in/img/faces/10-image.jpg"
        },
        {
            "id": 11,
            "email": "george.edwards@reqres.in",
            "first_name": "George",
            "last_name": "Edwards",
            "avatar": "https://reqres.in/img/faces/11-image.jpg"
        },
        {
            "id": 12,
            "email": "rachel.howell@reqres.in",
            "first_name": "Rachel",
            "last_name": "Howell",
            "avatar": "https://reqres.in/img/faces/12-image.jpg"
        }
    ],
    "support": {
        "url": "https://contentcaddy.io?utm_source=reqres&utm_medium=json&utm_campaign=referral",
        "text": "Tired of writing endless social media content? Let Content Caddy generate it for you."
    }
}
]]></system-out>
  </testcase>
  <testcase name="checkSuccessRegistration" classname="myTest.test.TestReqres" time="0.302">
    <failure type="java.lang.AssertionError"><![CDATA[java.lang.AssertionError: 
1 expectation failed.
Expected status code <200> but was <401>.

	at myTest.test.TestReqres.checkSuccessRegistration(TestReqres.java:87)
]]></failure>
  </testcase>
  <testcase name="checkResource" classname="myTest.test.TestReqres" time="0.338">
    <failure type="java.lang.AssertionError"><![CDATA[java.lang.AssertionError: 
1 expectation failed.
Expected status code <200> but was <401>.

	at myTest.test.TestReqres.checkResource(TestReqres.java:54)
]]></failure>
  </testcase>
</testsuite>